--------------- Build Started: 09/19/2019 09:51:30 Project: DC-Motor-PWM-opg 2, Configuration: ARM GCC 5.4-2016-q2-update Debug ---------------
cydsfit.exe -.appdatapath "C:\Users\Viktor\AppData\Local\Cypress Semiconductor\PSoC Creator\4.2" -.fdsnotice -.fdswarpdepfile=warp_dependencies.txt -.fdselabdepfile=elab_dependencies.txt -.fdsbldfile=generated_files.txt -.fdsreffile=referenced_files.txt -p "C:\Users\Viktor\OneDrive - Aarhus universitet\3. Semester\E3GFV\Exercises\1\DC-Motor-PWM-opg 2.cydsn\DC-Motor-PWM-opg 2.cyprj" -d CY8C5888LTI-LP097 -s "C:\Users\Viktor\OneDrive - Aarhus universitet\3. Semester\E3GFV\Exercises\1\DC-Motor-PWM-opg 2.cydsn\Generated_Source\PSoC5" -- -yv2 -q10 -ygs -o2 -v3 -.fftcfgtype=LE
Elaborating Design...
HDL Generation...
Synthesis...
Tech Mapping...
ADD: pft.M0040: information: The following 3 pin(s) will be assigned a location by the fitter: Direction(0), OUT1(0), OUT2(0)
Analog Placement...
Analog Routing...
Analog Code Generation...
Digital Placement...
Digital Routing...
Bitstream Generation...
Bitstream Verification...
Static timing analysis...
API Generation...
Dependency Generation...
Cleanup...
arm-none-eabi-gcc.exe -mcpu=cortex-m3 -mthumb -I. -IGenerated_Source\PSoC5 -Wa,-alh=.\CortexM3\ARM_GCC_541\Debug/main.lst -g -D DEBUG -Wall -ffunction-sections -ffat-lto-objects -Og -c main.c -o .\CortexM3\ARM_GCC_541\Debug\main.o
arm-none-eabi-ar.exe -rs ".\CortexM3\ARM_GCC_541\Debug\DC-Motor-PWM-opg 2.a" .\CortexM3\ARM_GCC_541\Debug\UART_1.o .\CortexM3\ARM_GCC_541\Debug\UART_1_PM.o .\CortexM3\ARM_GCC_541\Debug\UART_1_INT.o .\CortexM3\ARM_GCC_541\Debug\UART_1_BOOT.o .\CortexM3\ARM_GCC_541\Debug\isr_uart_rx.o .\CortexM3\ARM_GCC_541\Debug\PWM_1.o .\CortexM3\ARM_GCC_541\Debug\PWM_1_PM.o .\CortexM3\ARM_GCC_541\Debug\Clock_PWM.o .\CortexM3\ARM_GCC_541\Debug\Pin_PWM.o .\CortexM3\ARM_GCC_541\Debug\OUT1.o .\CortexM3\ARM_GCC_541\Debug\OUT2.o .\CortexM3\ARM_GCC_541\Debug\Direction.o .\CortexM3\ARM_GCC_541\Debug\UART_1_IntClock.o .\CortexM3\ARM_GCC_541\Debug\CyDmac.o .\CortexM3\ARM_GCC_541\Debug\CyFlash.o .\CortexM3\ARM_GCC_541\Debug\CyLib.o .\CortexM3\ARM_GCC_541\Debug\cyPm.o .\CortexM3\ARM_GCC_541\Debug\CySpc.o .\CortexM3\ARM_GCC_541\Debug\cyutils.o .\CortexM3\ARM_GCC_541\Debug\cy_em_eeprom.o .\CortexM3\ARM_GCC_541\Debug\CyBootAsmGnu.o
arm-none-eabi-ar.exe: creating .\CortexM3\ARM_GCC_541\Debug\DC-Motor-PWM-opg 2.a
arm-none-eabi-gcc.exe -Wl,--start-group -o "C:\Users\Viktor\OneDrive - Aarhus universitet\3. Semester\E3GFV\Exercises\1\DC-Motor-PWM-opg 2.cydsn\CortexM3\ARM_GCC_541\Debug\DC-Motor-PWM-opg 2.elf" .\CortexM3\ARM_GCC_541\Debug\main.o .\CortexM3\ARM_GCC_541\Debug\cyfitter_cfg.o .\CortexM3\ARM_GCC_541\Debug\cymetadata.o .\CortexM3\ARM_GCC_541\Debug\Cm3Start.o ".\CortexM3\ARM_GCC_541\Debug\DC-Motor-PWM-opg 2.a" "C:\Program Files (x86)\Cypress\PSoC Creator\4.2\PSoC Creator\psoc\content\cycomponentlibrary\CyComponentLibrary.cylib\CortexM3\ARM_GCC_541\Debug\CyComponentLibrary.a" -mcpu=cortex-m3 -mthumb -L Generated_Source\PSoC5 "-Wl,-Map,.\CortexM3\ARM_GCC_541\Debug/DC-Motor-PWM-opg 2.map" -T Generated_Source\PSoC5\cm3gcc.ld -specs=nano.specs -u _printf_float -Wl,--gc-sections -g -ffunction-sections -Og -ffat-lto-objects -Wl,--end-group
cyelftool.exe -C "C:\Users\Viktor\OneDrive - Aarhus universitet\3. Semester\E3GFV\Exercises\1\DC-Motor-PWM-opg 2.cydsn\CortexM3\ARM_GCC_541\Debug\DC-Motor-PWM-opg 2.elf" --flash_row_size 256 --flash_size 262144 --flash_offset 0x00000000
No ELF section .cychecksum found, creating one
Application checksum calculated and stored in ELF section .cychecksum
Checksum calculated and stored in ELF section .cymeta
cyelftool.exe -S "C:\Users\Viktor\OneDrive - Aarhus universitet\3. Semester\E3GFV\Exercises\1\DC-Motor-PWM-opg 2.cydsn\CortexM3\ARM_GCC_541\Debug\DC-Motor-PWM-opg 2.elf"
Flash used: 11948 of 262144 bytes (4,6 %).
SRAM used: 2969 of 65536 bytes (4,5 %). Stack: 2048 bytes. Heap: 512 bytes.
--------------- Build Succeeded: 09/19/2019 09:51:58 ---------------
